{"numFailedTestSuites":0,"numFailedTests":0,"numPassedTestSuites":1,"numPassedTests":2,"numPendingTestSuites":0,"numPendingTests":0,"numRuntimeErrorTestSuites":0,"numTodoTests":0,"numTotalTestSuites":1,"numTotalTests":2,"openHandles":[],"snapshot":{"added":0,"didUpdate":false,"failure":false,"filesAdded":0,"filesRemoved":0,"filesRemovedList":[],"filesUnmatched":0,"filesUpdated":0,"matched":0,"total":0,"unchecked":0,"uncheckedKeysByFile":[],"unmatched":0,"updated":0},"startTime":1647164439161,"success":true,"testResults":[{"assertionResults":[{"ancestorTitles":[],"failureMessages":[],"fullName":"utility.debug returns identical","location":null,"status":"passed","title":"utility.debug returns identical"},{"ancestorTitles":[],"failureMessages":[],"fullName":"utility.debug logs their data","location":null,"status":"passed","title":"utility.debug logs their data"}],"endTime":1647164440820,"message":"","name":"C:\\Users\\huany\\les\\SeLab2\\OSOC-2\\backend\\tests\\utility.test.ts","startTime":1647164439242,"status":"passed","summary":""}],"wasInterrupted":false,"coverageMap":{"C:\\Users\\huany\\les\\SeLab2\\OSOC-2\\backend\\utility.ts":{"path":"C:\\Users\\huany\\les\\SeLab2\\OSOC-2\\backend\\utility.ts","statementMap":{"0":{"start":{"line":3,"column":0},"end":{"line":3,"column":40}},"1":{"start":{"line":10,"column":13},"end":{"line":69,"column":null}},"2":{"start":{"line":12,"column":4},"end":{"line":15,"column":6}},"3":{"start":{"line":19,"column":4},"end":{"line":23,"column":6}},"4":{"start":{"line":27,"column":4},"end":{"line":30,"column":6}},"5":{"start":{"line":34,"column":4},"end":{"line":38,"column":6}},"6":{"start":{"line":42,"column":4},"end":{"line":45,"column":6}},"7":{"start":{"line":49,"column":4},"end":{"line":53,"column":6}},"8":{"start":{"line":57,"column":4},"end":{"line":60,"column":6}},"9":{"start":{"line":64,"column":4},"end":{"line":67,"column":6}},"10":{"start":{"line":80,"column":6},"end":{"line":80,"column":24}},"11":{"start":{"line":81,"column":6},"end":{"line":81,"column":35}},"12":{"start":{"line":78,"column":0},"end":{"line":78,"column":16}},"13":{"start":{"line":93,"column":6},"end":{"line":93,"column":37}},"14":{"start":{"line":94,"column":6},"end":{"line":94,"column":31}},"15":{"start":{"line":91,"column":0},"end":{"line":91,"column":16}},"16":{"start":{"line":105,"column":6},"end":{"line":105,"column":79}},"17":{"start":{"line":103,"column":0},"end":{"line":103,"column":16}},"18":{"start":{"line":119,"column":6},"end":{"line":119,"column":26}},"19":{"start":{"line":120,"column":6},"end":{"line":120,"column":36}},"20":{"start":{"line":114,"column":0},"end":{"line":114,"column":16}},"21":{"start":{"line":132,"column":6},"end":{"line":135,"column":13}},"22":{"start":{"line":134,"column":12},"end":{"line":134,"column":64}},"23":{"start":{"line":130,"column":0},"end":{"line":130,"column":16}},"24":{"start":{"line":147,"column":6},"end":{"line":147,"column":46}},"25":{"start":{"line":148,"column":6},"end":{"line":148,"column":13}},"26":{"start":{"line":145,"column":0},"end":{"line":145,"column":16}},"27":{"start":{"line":166,"column":10},"end":{"line":166,"column":76}},"28":{"start":{"line":166,"column":35},"end":{"line":166,"column":75}},"29":{"start":{"line":168,"column":6},"end":{"line":176,"column":13}},"30":{"start":{"line":170,"column":20},"end":{"line":170,"column":58}},"31":{"start":{"line":172,"column":12},"end":{"line":173,"column":42}},"32":{"start":{"line":173,"column":14},"end":{"line":173,"column":42}},"33":{"start":{"line":174,"column":12},"end":{"line":174,"column":65}},"34":{"start":{"line":175,"column":12},"end":{"line":175,"column":61}},"35":{"start":{"line":162,"column":0},"end":{"line":162,"column":22}},"36":{"start":{"line":194,"column":2},"end":{"line":195,"column":78}},"37":{"start":{"line":195,"column":30},"end":{"line":195,"column":75}},"38":{"start":{"line":191,"column":0},"end":{"line":191,"column":22}},"39":{"start":{"line":207,"column":2},"end":{"line":207,"column":18}},"40":{"start":{"line":208,"column":2},"end":{"line":208,"column":33}},"41":{"start":{"line":209,"column":2},"end":{"line":209,"column":13}},"42":{"start":{"line":210,"column":2},"end":{"line":210,"column":27}},"43":{"start":{"line":205,"column":0},"end":{"line":205,"column":22}},"44":{"start":{"line":222,"column":2},"end":{"line":227,"column":null}},"45":{"start":{"line":226,"column":4},"end":{"line":226,"column":32}},"46":{"start":{"line":228,"column":2},"end":{"line":228,"column":53}},"47":{"start":{"line":229,"column":2},"end":{"line":229,"column":54}},"48":{"start":{"line":220,"column":0},"end":{"line":220,"column":22}},"49":{"start":{"line":243,"column":2},"end":{"line":248,"column":null}},"50":{"start":{"line":247,"column":4},"end":{"line":247,"column":31}},"51":{"start":{"line":242,"column":0},"end":{"line":242,"column":22}},"52":{"start":{"line":259,"column":2},"end":{"line":259,"column":30}},"53":{"start":{"line":256,"column":0},"end":{"line":256,"column":22}},"54":{"start":{"line":275,"column":2},"end":{"line":279,"column":9}},"55":{"start":{"line":277,"column":8},"end":{"line":277,"column":37}},"56":{"start":{"line":278,"column":8},"end":{"line":278,"column":41}},"57":{"start":{"line":272,"column":0},"end":{"line":272,"column":22}}},"fnMap":{"0":{"name":"(anonymous_13)","decl":{"start":{"line":11,"column":2},"end":{"line":11,"column":15}},"loc":{"start":{"line":11,"column":15},"end":{"line":16,"column":3}}},"1":{"name":"(anonymous_14)","decl":{"start":{"line":18,"column":2},"end":{"line":18,"column":19}},"loc":{"start":{"line":18,"column":19},"end":{"line":24,"column":3}}},"2":{"name":"(anonymous_15)","decl":{"start":{"line":26,"column":2},"end":{"line":26,"column":21}},"loc":{"start":{"line":26,"column":21},"end":{"line":31,"column":3}}},"3":{"name":"(anonymous_16)","decl":{"start":{"line":33,"column":2},"end":{"line":33,"column":24}},"loc":{"start":{"line":33,"column":24},"end":{"line":39,"column":3}}},"4":{"name":"(anonymous_17)","decl":{"start":{"line":41,"column":2},"end":{"line":41,"column":17}},"loc":{"start":{"line":41,"column":29},"end":{"line":46,"column":3}}},"5":{"name":"(anonymous_18)","decl":{"start":{"line":48,"column":2},"end":{"line":48,"column":17}},"loc":{"start":{"line":48,"column":38},"end":{"line":54,"column":3}}},"6":{"name":"(anonymous_19)","decl":{"start":{"line":56,"column":2},"end":{"line":56,"column":13}},"loc":{"start":{"line":56,"column":26},"end":{"line":61,"column":3}}},"7":{"name":"(anonymous_20)","decl":{"start":{"line":63,"column":2},"end":{"line":63,"column":17}},"loc":{"start":{"line":63,"column":17},"end":{"line":68,"column":3}}},"8":{"name":"debug","decl":{"start":{"line":78,"column":16},"end":{"line":78,"column":21}},"loc":{"start":{"line":78,"column":31},"end":{"line":82,"column":5}}},"9":{"name":"reply","decl":{"start":{"line":91,"column":16},"end":{"line":91,"column":21}},"loc":{"start":{"line":91,"column":71},"end":{"line":95,"column":5}}},"10":{"name":"replyError","decl":{"start":{"line":103,"column":16},"end":{"line":103,"column":26}},"loc":{"start":{"line":103,"column":66},"end":{"line":106,"column":5}}},"11":{"name":"replySuccess","decl":{"start":{"line":114,"column":16},"end":{"line":114,"column":28}},"loc":{"start":{"line":114,"column":62},"end":{"line":121,"column":5}}},"12":{"name":"addInvalidVerbs","decl":{"start":{"line":130,"column":16},"end":{"line":130,"column":31}},"loc":{"start":{"line":130,"column":66},"end":{"line":136,"column":5}}},"13":{"name":"(anonymous_26)","decl":{"start":{"line":133,"column":14},"end":{"line":133,"column":15}},"loc":{"start":{"line":133,"column":77},"end":{"line":135,"column":11}}},"14":{"name":"logRequest","decl":{"start":{"line":145,"column":16},"end":{"line":145,"column":26}},"loc":{"start":{"line":145,"column":75},"end":{"line":149,"column":5}}},"15":{"name":"respOrErrorNoReinject","decl":{"start":{"line":162,"column":22},"end":{"line":162,"column":43}},"loc":{"start":{"line":163,"column":63},"end":{"line":177,"column":null}}},"16":{"name":"(anonymous_30)","decl":{"start":{"line":166,"column":10},"end":{"line":166,"column":11}},"loc":{"start":{"line":166,"column":32},"end":{"line":166,"column":76}}},"17":{"name":"(anonymous_31)","decl":{"start":{"line":169,"column":16},"end":{"line":169,"column":17}},"loc":{"start":{"line":170,"column":20},"end":{"line":170,"column":58}}},"18":{"name":"(anonymous_32)","decl":{"start":{"line":171,"column":17},"end":{"line":171,"column":18}},"loc":{"start":{"line":171,"column":45},"end":{"line":176,"column":11}}},"19":{"name":"respOrError","decl":{"start":{"line":191,"column":22},"end":{"line":191,"column":33}},"loc":{"start":{"line":193,"column":59},"end":{"line":196,"column":null}}},"20":{"name":"(anonymous_35)","decl":{"start":{"line":195,"column":21},"end":{"line":195,"column":22}},"loc":{"start":{"line":195,"column":30},"end":{"line":195,"column":75}}},"21":{"name":"redirect","decl":{"start":{"line":205,"column":22},"end":{"line":205,"column":30}},"loc":{"start":{"line":206,"column":42},"end":{"line":211,"column":null}}},"22":{"name":"checkSessionKey","decl":{"start":{"line":220,"column":22},"end":{"line":220,"column":37}},"loc":{"start":{"line":220,"column":58},"end":{"line":230,"column":null}}},"23":{"name":"isAdmin","decl":{"start":{"line":242,"column":22},"end":{"line":242,"column":29}},"loc":{"start":{"line":242,"column":50},"end":{"line":249,"column":null}}},"24":{"name":"(anonymous_42)","decl":{"start":{"line":243,"column":35},"end":{"line":243,"column":36}},"loc":{"start":{"line":243,"column":42},"end":{"line":248,"column":3}}},"25":{"name":"refreshKey","decl":{"start":{"line":256,"column":22},"end":{"line":256,"column":32}},"loc":{"start":{"line":256,"column":62},"end":{"line":260,"column":null}}},"26":{"name":"refreshAndInjectKey","decl":{"start":{"line":272,"column":22},"end":{"line":272,"column":41}},"loc":{"start":{"line":273,"column":73},"end":{"line":280,"column":null}}},"27":{"name":"(anonymous_47)","decl":{"start":{"line":276,"column":6},"end":{"line":276,"column":7}},"loc":{"start":{"line":276,"column":72},"end":{"line":279,"column":7}}}},"branchMap":{"0":{"loc":{"start":{"line":166,"column":42},"end":{"line":166,"column":74}},"type":"binary-expr","locations":[{"start":{"line":166,"column":42},"end":{"line":166,"column":55}},{"start":{"line":166,"column":59},"end":{"line":166,"column":74}}]},"1":{"loc":{"start":{"line":172,"column":12},"end":{"line":173,"column":42}},"type":"if","locations":[{"start":{"line":172,"column":12},"end":{"line":173,"column":42}}]},"2":{"loc":{"start":{"line":222,"column":2},"end":{"line":227,"column":null}},"type":"if","locations":[{"start":{"line":222,"column":2},"end":{"line":227,"column":null}}]}},"s":{"0":1,"1":1,"2":0,"3":0,"4":0,"5":0,"6":0,"7":0,"8":0,"9":0,"10":8,"11":8,"12":1,"13":0,"14":0,"15":1,"16":0,"17":1,"18":0,"19":0,"20":1,"21":0,"22":0,"23":1,"24":0,"25":0,"26":1,"27":0,"28":0,"29":0,"30":0,"31":0,"32":0,"33":0,"34":0,"35":1,"36":0,"37":0,"38":1,"39":0,"40":0,"41":0,"42":0,"43":1,"44":0,"45":0,"46":0,"47":0,"48":1,"49":0,"50":0,"51":1,"52":0,"53":1,"54":0,"55":0,"56":0,"57":1},"f":{"0":0,"1":0,"2":0,"3":0,"4":0,"5":0,"6":0,"7":0,"8":8,"9":0,"10":0,"11":0,"12":0,"13":0,"14":0,"15":0,"16":0,"17":0,"18":0,"19":0,"20":0,"21":0,"22":0,"23":0,"24":0,"25":0,"26":0,"27":0},"b":{"0":[0,0],"1":[0],"2":[0]}}}}